<?xml version="1.0" encoding="UTF-8"?>
<!-- Generated by org.testng.reporters.JUnitXMLReporter -->
<testsuite hostname="Madinas-Air" name="Default test" tests="3" failures="0" timestamp="30 Apr 2016 16:56:08 GMT" time="16.161" errors="0">
  <testcase name="testLogin" time="8.33" classname="com.sqa.ms.BasicAutoTest"/>
  <testcase name="test" time="0.004" classname="com.sqa.ms.BasicAutoTest"/>
  <testcase name="test" time="0.012" classname="com.sqa.ms.BasicAutoTest"/>
</testsuite> <!-- Default test -->
