<?xml version="1.0" encoding="UTF-8"?>
<testng-results skipped="0" failed="0" total="2" passed="2">
  <reporter-output>
  </reporter-output>
  <suite name="Default suite" duration-ms="45836" started-at="2016-04-22T04:48:26Z" finished-at="2016-04-22T04:49:11Z">
    <groups>
    </groups>
    <test name="Default test" duration-ms="45836" started-at="2016-04-22T04:48:26Z" finished-at="2016-04-22T04:49:11Z">
      <class name="com.sqa.ms.LocatorTests">
        <test-method status="PASS" signature="setupFirefox()[pri:0, instance:com.sqa.ms.LocatorTests@47544942]" name="setupFirefox" is-config="true" duration-ms="4701" started-at="2016-04-21T21:48:26Z" finished-at="2016-04-21T21:48:30Z">
          <reporter-output>
          </reporter-output>
        </test-method> <!-- setupFirefox -->
        <test-method status="PASS" signature="test1()[pri:0, instance:com.sqa.ms.LocatorTests@47544942]" name="test1" duration-ms="7949" started-at="2016-04-21T21:48:30Z" finished-at="2016-04-21T21:48:38Z">
          <reporter-output>
          </reporter-output>
        </test-method> <!-- test1 -->
        <test-method status="PASS" signature="test2()[pri:0, instance:com.sqa.ms.LocatorTests@47544942]" name="test2" duration-ms="33144" started-at="2016-04-21T21:48:38Z" finished-at="2016-04-21T21:49:11Z">
          <reporter-output>
          </reporter-output>
        </test-method> <!-- test2 -->
      </class> <!-- com.sqa.ms.LocatorTests -->
    </test> <!-- Default test -->
  </suite> <!-- Default suite -->
</testng-results>
