<?xml version="1.0" encoding="UTF-8"?>
<testng-results skipped="0" failed="0" total="3" passed="3">
  <reporter-output>
  </reporter-output>
  <suite name="Default suite" duration-ms="6636" started-at="2016-04-29T02:23:07Z" finished-at="2016-04-29T02:23:13Z">
    <groups>
    </groups>
    <test name="Default test" duration-ms="6636" started-at="2016-04-29T02:23:07Z" finished-at="2016-04-29T02:23:13Z">
      <class name="com.sqa.ms.util.helpers.BasicAutomationTest">
        <test-method status="PASS" signature="loadProperties()[pri:0, instance:com.sqa.ms.util.helpers.BasicAutomationTest@2ccddcf6]" name="loadProperties" is-config="true" duration-ms="22" started-at="2016-04-28T19:23:07Z" finished-at="2016-04-28T19:23:07Z">
          <reporter-output>
          </reporter-output>
        </test-method> <!-- loadProperties -->
        <test-method status="PASS" signature="setUpTest()[pri:0, instance:com.sqa.ms.util.helpers.BasicAutomationTest@2ccddcf6]" name="setUpTest" duration-ms="6559" started-at="2016-04-28T19:23:07Z" finished-at="2016-04-28T19:23:13Z">
          <reporter-output>
          </reporter-output>
        </test-method> <!-- setUpTest -->
        <test-method status="PASS" signature="f(java.lang.Integer, java.lang.String)[pri:0, instance:com.sqa.ms.util.helpers.BasicAutomationTest@2ccddcf6]" name="f" duration-ms="5" started-at="2016-04-28T19:23:13Z" data-provider="dp" finished-at="2016-04-28T19:23:13Z">
          <params>
            <param index="0">
              <value>
                <![CDATA[1]]>
              </value>
            </param>
            <param index="1">
              <value>
                <![CDATA[a]]>
              </value>
            </param>
          </params>
          <reporter-output>
          </reporter-output>
        </test-method> <!-- f -->
        <test-method status="PASS" signature="f(java.lang.Integer, java.lang.String)[pri:0, instance:com.sqa.ms.util.helpers.BasicAutomationTest@2ccddcf6]" name="f" duration-ms="5" started-at="2016-04-28T19:23:13Z" data-provider="dp" finished-at="2016-04-28T19:23:13Z">
          <params>
            <param index="0">
              <value>
                <![CDATA[2]]>
              </value>
            </param>
            <param index="1">
              <value>
                <![CDATA[b]]>
              </value>
            </param>
          </params>
          <reporter-output>
          </reporter-output>
        </test-method> <!-- f -->
      </class> <!-- com.sqa.ms.util.helpers.BasicAutomationTest -->
    </test> <!-- Default test -->
  </suite> <!-- Default suite -->
</testng-results>
